2022-04-13 16:33:43.568  INFO 14768 --- [main] com.itheima.Spring10LogApplication       : Starting Spring10LogApplication using Java 1.8.0_301 on DESKTOP-DGMNEUT with PID 14768 (F:\javacode\springboot\springboot_10_log\target\classes started by 1 in F:\javacode\springboot)
2022-04-13 16:33:43.569 DEBUG 14768 --- [main] com.itheima.Spring10LogApplication       : Running with Spring Boot v2.6.6, Spring v5.3.18
2022-04-13 16:33:43.570  INFO 14768 --- [main] com.itheima.Spring10LogApplication       : The following 3 profiles are active: "dev", "devDB", "devMVC"
2022-04-13 16:33:44.199  INFO 14768 --- [main] o.s.b.w.embedded.tomcat.TomcatWebServer  : Tomcat initialized with port(s): 80 (http)
2022-04-13 16:33:44.203  INFO 14768 --- [main] o.apache.catalina.core.StandardService   : Starting service [Tomcat]
2022-04-13 16:33:44.205  INFO 14768 --- [main] org.apache.catalina.core.StandardEngine  : Starting Servlet engine: [Apache Tomcat/9.0.60]
2022-04-13 16:33:44.287  INFO 14768 --- [main] o.a.c.c.C.[Tomcat].[localhost].[/ebank]  : Initializing Spring embedded WebApplicationContext
2022-04-13 16:33:44.288  INFO 14768 --- [main] w.s.c.ServletWebServerApplicationContext : Root WebApplicationContext: initialization completed in 689 ms
2022-04-13 16:33:44.471  INFO 14768 --- [main] o.s.b.w.embedded.tomcat.TomcatWebServer  : Tomcat started on port(s): 80 (http) with context path '/ebank'
2022-04-13 16:33:44.478  INFO 14768 --- [main] com.itheima.Spring10LogApplication       : Started Spring10LogApplication in 1.22 seconds (JVM running for 1.748)
2022-04-13 16:33:48.119  INFO 14768 --- [http-nio-80-exec-1] o.a.c.c.C.[Tomcat].[localhost].[/ebank]  : Initializing Spring DispatcherServlet 'dispatcherServlet'
2022-04-13 16:33:48.119  INFO 14768 --- [http-nio-80-exec-1] o.s.web.servlet.DispatcherServlet        : Initializing Servlet 'dispatcherServlet'
2022-04-13 16:33:48.120  INFO 14768 --- [http-nio-80-exec-1] o.s.web.servlet.DispatcherServlet        : Completed initialization in 1 ms
2022-04-13 16:33:48.135  INFO 14768 --- [http-nio-80-exec-1] com.itheima.controller.BookController    : info...
2022-04-13 16:33:48.136 ERROR 14768 --- [http-nio-80-exec-1] com.itheima.controller.BookController    : error...
2022-04-13 16:33:48.136  WARN 14768 --- [http-nio-80-exec-1] com.itheima.controller.BookController    : warn...
2022-04-13 16:33:48.136 DEBUG 14768 --- [http-nio-80-exec-1] com.itheima.controller.BookController    : debug...
2022-04-13 16:33:48.296  INFO 14768 --- [http-nio-80-exec-2] com.itheima.controller.BookController    : info...
2022-04-13 16:33:48.297 ERROR 14768 --- [http-nio-80-exec-2] com.itheima.controller.BookController    : error...
2022-04-13 16:33:48.297  WARN 14768 --- [http-nio-80-exec-2] com.itheima.controller.BookController    : warn...
2022-04-13 16:33:48.297 DEBUG 14768 --- [http-nio-80-exec-2] com.itheima.controller.BookController    : debug...
2022-04-13 16:33:48.480  INFO 14768 --- [http-nio-80-exec-3] com.itheima.controller.BookController    : info...
2022-04-13 16:33:48.481 ERROR 14768 --- [http-nio-80-exec-3] com.itheima.controller.BookController    : error...
2022-04-13 16:33:48.481  WARN 14768 --- [http-nio-80-exec-3] com.itheima.controller.BookController    : warn...
2022-04-13 16:33:48.481 DEBUG 14768 --- [http-nio-80-exec-3] com.itheima.controller.BookController    : debug...
2022-04-13 16:33:48.933  INFO 14768 --- [http-nio-80-exec-4] com.itheima.controller.BookController    : info...
2022-04-13 16:33:48.934 ERROR 14768 --- [http-nio-80-exec-4] com.itheima.controller.BookController    : error...
2022-04-13 16:33:48.934  WARN 14768 --- [http-nio-80-exec-4] com.itheima.controller.BookController    : warn...
2022-04-13 16:33:48.934 DEBUG 14768 --- [http-nio-80-exec-4] com.itheima.controller.BookController    : debug...
2022-04-13 16:34:50.236  INFO 11032 --- [main] com.itheima.Spring10LogApplication       : Starting Spring10LogApplication using Java 1.8.0_301 on DESKTOP-DGMNEUT with PID 11032 (F:\javacode\springboot\springboot_10_log\target\classes started by 1 in F:\javacode\springboot)
2022-04-13 16:34:50.239 DEBUG 11032 --- [main] com.itheima.Spring10LogApplication       : Running with Spring Boot v2.6.6, Spring v5.3.18
2022-04-13 16:34:50.239  INFO 11032 --- [main] com.itheima.Spring10LogApplication       : The following 3 profiles are active: "dev", "devDB", "devMVC"
2022-04-13 16:34:50.849  INFO 11032 --- [main] o.s.b.w.embedded.tomcat.TomcatWebServer  : Tomcat initialized with port(s): 80 (http)
2022-04-13 16:34:50.854  INFO 11032 --- [main] o.apache.catalina.core.StandardService   : Starting service [Tomcat]
2022-04-13 16:34:50.855  INFO 11032 --- [main] org.apache.catalina.core.StandardEngine  : Starting Servlet engine: [Apache Tomcat/9.0.60]
2022-04-13 16:34:50.940  INFO 11032 --- [main] o.a.c.c.C.[Tomcat].[localhost].[/ebank]  : Initializing Spring embedded WebApplicationContext
2022-04-13 16:34:50.940  INFO 11032 --- [main] w.s.c.ServletWebServerApplicationContext : Root WebApplicationContext: initialization completed in 670 ms
