2022-04-13 16:34:51.111  INFO 11032 --- [main] o.s.b.w.embedded.tomcat.TomcatWebServer  : Tomcat started on port(s): 80 (http) with context path '/ebank'
2022-04-13 16:34:51.121  INFO 11032 --- [main] com.itheima.Spring10LogApplication       : Started Spring10LogApplication in 1.204 seconds (JVM running for 1.738)
2022-04-13 16:34:55.739  INFO 11032 --- [http-nio-80-exec-1] o.a.c.c.C.[Tomcat].[localhost].[/ebank]  : Initializing Spring DispatcherServlet 'dispatcherServlet'
2022-04-13 16:34:55.739  INFO 11032 --- [http-nio-80-exec-1] o.s.web.servlet.DispatcherServlet        : Initializing Servlet 'dispatcherServlet'
2022-04-13 16:34:55.740  INFO 11032 --- [http-nio-80-exec-1] o.s.web.servlet.DispatcherServlet        : Completed initialization in 1 ms
2022-04-13 16:34:55.757  INFO 11032 --- [http-nio-80-exec-1] com.itheima.controller.BookController    : info...
2022-04-13 16:34:55.757 ERROR 11032 --- [http-nio-80-exec-1] com.itheima.controller.BookController    : error...
2022-04-13 16:34:55.757  WARN 11032 --- [http-nio-80-exec-1] com.itheima.controller.BookController    : warn...
2022-04-13 16:34:55.757 DEBUG 11032 --- [http-nio-80-exec-1] com.itheima.controller.BookController    : debug...
2022-04-13 16:34:55.878  INFO 11032 --- [http-nio-80-exec-3] com.itheima.controller.BookController    : info...
2022-04-13 16:34:55.878 ERROR 11032 --- [http-nio-80-exec-3] com.itheima.controller.BookController    : error...
2022-04-13 16:34:55.878  WARN 11032 --- [http-nio-80-exec-3] com.itheima.controller.BookController    : warn...
2022-04-13 16:34:55.878 DEBUG 11032 --- [http-nio-80-exec-3] com.itheima.controller.BookController    : debug...
2022-04-13 16:34:56.038  INFO 11032 --- [http-nio-80-exec-2] com.itheima.controller.BookController    : info...
2022-04-13 16:34:56.038 ERROR 11032 --- [http-nio-80-exec-2] com.itheima.controller.BookController    : error...
2022-04-13 16:34:56.038  WARN 11032 --- [http-nio-80-exec-2] com.itheima.controller.BookController    : warn...
2022-04-13 16:34:56.039 DEBUG 11032 --- [http-nio-80-exec-2] com.itheima.controller.BookController    : debug...
2022-04-13 16:34:56.215  INFO 11032 --- [http-nio-80-exec-5] com.itheima.controller.BookController    : info...
2022-04-13 16:34:56.215 ERROR 11032 --- [http-nio-80-exec-5] com.itheima.controller.BookController    : error...
2022-04-13 16:34:56.215  WARN 11032 --- [http-nio-80-exec-5] com.itheima.controller.BookController    : warn...
2022-04-13 16:34:56.215 DEBUG 11032 --- [http-nio-80-exec-5] com.itheima.controller.BookController    : debug...
2022-04-13 16:34:56.382  INFO 11032 --- [http-nio-80-exec-4] com.itheima.controller.BookController    : info...
2022-04-13 16:34:56.382 ERROR 11032 --- [http-nio-80-exec-4] com.itheima.controller.BookController    : error...
2022-04-13 16:34:56.382  WARN 11032 --- [http-nio-80-exec-4] com.itheima.controller.BookController    : warn...
2022-04-13 16:34:56.382 DEBUG 11032 --- [http-nio-80-exec-4] com.itheima.controller.BookController    : debug...
2022-04-13 16:34:56.551  INFO 11032 --- [http-nio-80-exec-6] com.itheima.controller.BookController    : info...
2022-04-13 16:34:56.551 ERROR 11032 --- [http-nio-80-exec-6] com.itheima.controller.BookController    : error...
2022-04-13 16:34:56.551  WARN 11032 --- [http-nio-80-exec-6] com.itheima.controller.BookController    : warn...
2022-04-13 16:34:56.552 DEBUG 11032 --- [http-nio-80-exec-6] com.itheima.controller.BookController    : debug...
2022-04-13 16:34:56.712  INFO 11032 --- [http-nio-80-exec-7] com.itheima.controller.BookController    : info...
2022-04-13 16:34:56.712 ERROR 11032 --- [http-nio-80-exec-7] com.itheima.controller.BookController    : error...
